Пользователь Katy успешно зашёл в систему.
Пользователь Katy успешно зашёл в систему. 2023-06-15 13:09:17.639206
Пользователь Katy успешно вышел из системы. 2023-06-15 14:12:07.141085
Пользователь Katy успешно зашёл в систему. 2023-06-15 14:12:23.071386
Пользователь Katy успешно вышел из системы. 2023-06-15 15:05:24.342303
Пользователь Sam успешно зарегестрировался в системе. 2023-06-15 15:05:36.540537
Пользователь Sam успешно вышел из системы. 2023-06-15 15:42:56.059182
Пользователь Katy успешно зашёл в систему. 2023-06-15 15:43:01.501573
Пользователь admin успешно вышел из системы. 2023-06-15 16:10:03.380693
Пользователь Katy успешно зашёл в систему. 2023-06-15 16:13:02.553137
Пользователь Katy успешно вышел из системы. 2023-06-15 16:13:06.625160
Пользователь Sam успешно вышел из системы. 2023-06-15 16:23:51.207084
Пользователь Sam успешно вышел из системы. 2023-06-15 16:24:20.926886
Пользователь Katy успешно зашёл в систему. 2023-06-15 16:24:29.408998
Пользователь Sam успешно зашёл в систему. 2023-06-15 16:24:46.202241
Пользователь Sam успешно зашёл в систему. 2023-06-15 16:27:26.211759
Пользователь Sam успешно вышел из системы. 2023-06-15 18:33:13.346154
Пользователь Katy успешно зашёл в систему. 2023-06-15 18:33:25.588942
Пользователь Katy успешно зашёл в систему. 2023-06-16 09:50:34.631762
Пользователь Katy успешно вышел из системы. 2023-06-16 12:31:28.904183
Пользователь Tom успешно зашёл в систему. 2023-06-16 13:12:19.165232
Пользователь Tom успешно вышел из системы. 2023-06-16 13:12:26.041002
Пользователь Sergey успешно вышел из системы. 2023-06-16 13:14:19.677293
Пользователь Tom успешно зашёл в систему. 2023-06-16 15:13:57.274963
Пользователь Tom успешно вышел из системы. 2023-06-16 15:18:42.421823
Пользователь Tom успешно зашёл в систему. 2023-06-16 15:18:50.657560
Пользователь Tom успешно вышел из системы. 2023-06-16 15:31:35.236668
Пользователь Tom успешно зашёл в систему. 2023-06-16 15:31:43.631064
Пользователь Tom успешно вышел из системы. 2023-06-16 15:31:55.825486
Пользователь Tom успешно зашёл в систему. 2023-06-16 15:32:07.744140
Пользователь  успешно вышел из системы. 2023-06-16 15:34:47.062882
Пользователь Tom успешно зашёл в систему. 2023-06-16 15:34:52.115794
Пользователь Tom успешно зашёл в систему. 2023-06-16 15:53:05.521554
Пользователь Tom успешно зашёл в систему. 2023-06-16 15:54:38.328759
Пользователь Tom успешно зашёл в систему. 2023-06-16 15:55:20.552661
Пользователь Tom успешно зашёл в систему. 2023-06-16 15:56:13.644956
Пользователь Tom успешно зашёл в систему. 2023-06-16 15:56:51.079742
Пользователь Tom успешно зашёл в систему. 2023-06-16 16:00:04.625454
Пользователь Tom успешно зашёл в систему. 2023-06-16 16:00:19.784351
Пользователь Tom успешно зашёл в систему. 2023-06-16 16:01:58.857674
Пользователь Tom успешно вышел из системы. 2023-06-16 18:08:08.020086
Пользователь Tom успешно зашёл в систему. 2023-06-16 18:09:02.217465
Пользователь Tom успешно вышел из системы. 2023-06-16 18:16:49.358916
Пользователь Tom успешно зашёл в систему. 2023-06-16 18:17:52.707066
Пользователь Katy успешно зашёл в систему. 2023-06-16 18:23:26.132568
Пользователь Katy успешно зашёл в систему. 2023-06-16 18:25:08.249678
Пользователь Katy успешно вышел из системы. 2023-06-16 18:25:11.681934
Пользователь Tom успешно зашёл в систему. 2023-06-16 18:25:25.355309
Пользователь Tom успешно сменил пароль.
Пользователь Tom успешно зашёл в систему. 2023-06-16 18:25:50.271458
Пользователь admin успешновышел из системы. {datetime.datetime.now()}
Пользователь admin успешно зашёл в систему. 2023-06-19 23:09:11.655296
Пользователь admin успешновыполнил вход в систему
Пользователь admin успешновышел из системы. {datetime.datetime.now()}
Пользователь admin успешно зашёл в систему. 2023-06-19 23:09:28.059770
Пользователь admin успешновыполнил вход в систему
Пользователь admin успешновышел из системы. {datetime.datetime.now()}
Пользователь admin успешновышел из системы. {datetime.datetime.now()}
Пользователь Katy успешно зашёл в систему. 2023-06-20 13:41:06.805876
Пользователь Katy успешновыполнил вход в систему
